
Showing logs for build [32mcb-kubecd-environment-pr-209-61-djwjq-1[0m stage [32mfrom-build-pack[0m and container [32mstep-credential-initializer-q9cqp[0m
{"level":"info","ts":1587848277.2070243,"logger":"fallback-logger","caller":"logging/config.go:69","msg":"Fetch GitHub commit ID from kodata failed: open /var/run/ko/refs/heads/0.8.0-ns-support: no such file or directory"}
{"level":"info","ts":1587848277.2075672,"logger":"fallback-logger","caller":"creds-init/main.go:40","msg":"Credentials initialized."}

Showing logs for build [32mcb-kubecd-environment-pr-209-61-djwjq-1[0m stage [32mfrom-build-pack[0m and container [32mstep-working-dir-initializer-2x9sx[0m
{"level":"info","ts":1587848278.2767408,"logger":"fallback-logger","caller":"logging/config.go:69","msg":"Fetch GitHub commit ID from kodata failed: open /var/run/ko/HEAD: no such file or directory"}
{"level":"info","ts":1587848278.2785318,"logger":"fallback-logger","caller":"bash/main.go:64","msg":"Successfully executed command \"sh -c mkdir -p /workspace/source\"; output "}

Showing logs for build [32mcb-kubecd-environment-pr-209-61-djwjq-1[0m stage [32mfrom-build-pack[0m and container [32mstep-place-tools[0m

Showing logs for build [32mcb-kubecd-environment-pr-209-61-djwjq-1[0m stage [32mfrom-build-pack[0m and container [32mstep-git-source-cb-kubecd-environment-pr-209-61-djwjq-rqsh5[0m
{"level":"info","ts":1587848281.3369856,"logger":"fallback-logger","caller":"logging/config.go:69","msg":"Fetch GitHub commit ID from kodata failed: open /var/run/ko/refs/heads/0.8.0-ns-support: no such file or directory"}
{"level":"info","ts":1587848282.679353,"logger":"fallback-logger","caller":"git/git.go:103","msg":"Successfully cloned https://github.com/cb-kubecd/environment-pr-209-61-boot-gke-staging.git @ master in path /workspace/source"}

Showing logs for build [32mcb-kubecd-environment-pr-209-61-djwjq-1[0m stage [32mfrom-build-pack[0m and container [32mstep-git-merge[0m
Using SHAs from PULL_REFS=master:93a84fc6f849795e27b5cc4544b03bd1c9ccff5d,2:2367fc6cb81572a7aeaeb3ef2b5317504b762a2b
DEBUG: LC_ALL=C JX_LOG_LEVEL=error git fetch origin --unshallow 2367fc6cb81572a7aeaeb3ef2b5317504b762a2b: 93a84fc6f849795e27b5cc4544b03bd1c9ccff5d:
DEBUG: ran git fetch --unshallow origin 2367fc6cb81572a7aeaeb3ef2b5317504b762a2b: 93a84fc6f849795e27b5cc4544b03bd1c9ccff5d: in 
DEBUG: LC_ALL=C JX_LOG_LEVEL=error git branch
DEBUG: LC_ALL=C JX_LOG_LEVEL=error git checkout master
DEBUG: ran git checkout master in 
DEBUG: LC_ALL=C JX_LOG_LEVEL=error git reset --hard 93a84fc6f849795e27b5cc4544b03bd1c9ccff5d
DEBUG: ran git reset --hard 93a84fc6f849795e27b5cc4544b03bd1c9ccff5d in 
DEBUG: LC_ALL=C JX_LOG_LEVEL=error git clean -fd .
DEBUG: ran clean --force -d . in 
DEBUG: LC_ALL=C JX_LOG_LEVEL=error git merge 2367fc6cb81572a7aeaeb3ef2b5317504b762a2b
DEBUG: ran git merge 2367fc6cb81572a7aeaeb3ef2b5317504b762a2b in 
DEBUG: LC_ALL=C JX_LOG_LEVEL=error git log --format=%H%x1f%an%x1f%ae%x1f%cn%x1f%ce%x1f%s%n%b%x1e 93a84fc6f849795e27b5cc4544b03bd1c9ccff5d..HEAD
Merged SHA 2367fc6cb81572a7aeaeb3ef2b5317504b762a2b with commit message 'chore: Promote bdd-gh-1587847935 to version 0.0.1' into base branch master

Showing logs for build [32mcb-kubecd-environment-pr-209-61-djwjq-1[0m stage [32mfrom-build-pack[0m and container [32mstep-build-helm-build[0m
WARNING: No $CHART_REPOSITORY defined so using the default value of: http://jenkins-x-chartmuseum:8080
Adding missing Helm repo: storage.googleapis.com https://storage.googleapis.com/chartmuseum.jenkins-x.io
WARNING: No secrets found on "helm/repos" due: reading the secret "helm/repos" from vault: no secret "helm/repos" not found in vault
Read credentials for https://storage.googleapis.com/chartmuseum.jenkins-x.io from vault helm/repos
Successfully added Helm repository storage.googleapis.com.
Adding missing Helm repo: jenkins-x-chartmuseum http://jenkins-x-chartmuseum:8080
WARNING: No secrets found on "helm/repos" due: reading the secret "helm/repos" from vault: no secret "helm/repos" not found in vault
Read credentials for http://jenkins-x-chartmuseum:8080 from vault helm/repos
Successfully added Helm repository jenkins-x-chartmuseum.
WARNING: No $CHART_REPOSITORY defined so using the default value of: http://jenkins-x-chartmuseum:8080
Adding missing Helm repo: chartmuseum.jenkins-x.io http://chartmuseum.jenkins-x.io
WARNING: No secrets found on "helm/repos" due: reading the secret "helm/repos" from vault: no secret "helm/repos" not found in vault
Read credentials for http://chartmuseum.jenkins-x.io from vault helm/repos
Successfully added Helm repository chartmuseum.jenkins-x.io.
