
Showing logs for build [32mcb-kubecd-environment-pr-209-61-5ggn7-1[0m stage [32mfrom-build-pack[0m and container [32mstep-credential-initializer-5xvjg[0m
{"level":"info","ts":1587847127.5933685,"logger":"fallback-logger","caller":"logging/config.go:69","msg":"Fetch GitHub commit ID from kodata failed: open /var/run/ko/refs/heads/0.8.0-ns-support: no such file or directory"}
{"level":"info","ts":1587847127.6031091,"logger":"fallback-logger","caller":"creds-init/main.go:40","msg":"Credentials initialized."}

Showing logs for build [32mcb-kubecd-environment-pr-209-61-5ggn7-1[0m stage [32mfrom-build-pack[0m and container [32mstep-working-dir-initializer-mrpnm[0m
{"level":"info","ts":1587847129.509529,"logger":"fallback-logger","caller":"logging/config.go:69","msg":"Fetch GitHub commit ID from kodata failed: open /var/run/ko/HEAD: no such file or directory"}
{"level":"info","ts":1587847129.599703,"logger":"fallback-logger","caller":"bash/main.go:64","msg":"Successfully executed command \"sh -c mkdir -p /workspace/source\"; output "}

Showing logs for build [32mcb-kubecd-environment-pr-209-61-5ggn7-1[0m stage [32mfrom-build-pack[0m and container [32mstep-place-tools[0m

Showing logs for build [32mcb-kubecd-environment-pr-209-61-5ggn7-1[0m stage [32mfrom-build-pack[0m and container [32mstep-git-source-cb-kubecd-environment-pr-209-61-5ggn7-ddg7z[0m
{"level":"info","ts":1587847136.1151404,"logger":"fallback-logger","caller":"logging/config.go:69","msg":"Fetch GitHub commit ID from kodata failed: open /var/run/ko/refs/heads/0.8.0-ns-support: no such file or directory"}
{"level":"info","ts":1587847137.788766,"logger":"fallback-logger","caller":"git/git.go:103","msg":"Successfully cloned https://github.com/cb-kubecd/environment-pr-209-61-boot-gke-staging.git @ master in path /workspace/source"}

Showing logs for build [32mcb-kubecd-environment-pr-209-61-5ggn7-1[0m stage [32mfrom-build-pack[0m and container [32mstep-git-merge[0m
Using SHAs from PULL_REFS=master:31480864b5bcdfc7ce63e66ca1fdc1ac75136ed2,1:81421ed0cc5faa0353ada487b31018ca62a7c21d
DEBUG: LC_ALL=C JX_LOG_LEVEL=error git fetch origin --unshallow 81421ed0cc5faa0353ada487b31018ca62a7c21d: 31480864b5bcdfc7ce63e66ca1fdc1ac75136ed2:
DEBUG: ran git fetch --unshallow origin 81421ed0cc5faa0353ada487b31018ca62a7c21d: 31480864b5bcdfc7ce63e66ca1fdc1ac75136ed2: in 
DEBUG: LC_ALL=C JX_LOG_LEVEL=error git branch
DEBUG: LC_ALL=C JX_LOG_LEVEL=error git checkout master
DEBUG: ran git checkout master in 
DEBUG: LC_ALL=C JX_LOG_LEVEL=error git reset --hard 31480864b5bcdfc7ce63e66ca1fdc1ac75136ed2
DEBUG: ran git reset --hard 31480864b5bcdfc7ce63e66ca1fdc1ac75136ed2 in 
DEBUG: LC_ALL=C JX_LOG_LEVEL=error git clean -fd .
DEBUG: ran clean --force -d . in 
DEBUG: LC_ALL=C JX_LOG_LEVEL=error git merge 81421ed0cc5faa0353ada487b31018ca62a7c21d
DEBUG: ran git merge 81421ed0cc5faa0353ada487b31018ca62a7c21d in 
DEBUG: LC_ALL=C JX_LOG_LEVEL=error git log --format=%H%x1f%an%x1f%ae%x1f%cn%x1f%ce%x1f%s%n%b%x1e 31480864b5bcdfc7ce63e66ca1fdc1ac75136ed2..HEAD
Merged SHA 81421ed0cc5faa0353ada487b31018ca62a7c21d with commit message 'chore: Promote bdd-spring-1587846658 to version 0.0.1' into base branch master

Showing logs for build [32mcb-kubecd-environment-pr-209-61-5ggn7-1[0m stage [32mfrom-build-pack[0m and container [32mstep-build-helm-build[0m
WARNING: No $CHART_REPOSITORY defined so using the default value of: http://jenkins-x-chartmuseum:8080
Adding missing Helm repo: storage.googleapis.com https://storage.googleapis.com/chartmuseum.jenkins-x.io
WARNING: No secrets found on "helm/repos" due: reading the secret "helm/repos" from vault: no secret "helm/repos" not found in vault
Read credentials for https://storage.googleapis.com/chartmuseum.jenkins-x.io from vault helm/repos
Successfully added Helm repository storage.googleapis.com.
Adding missing Helm repo: jenkins-x-chartmuseum http://jenkins-x-chartmuseum:8080
WARNING: No secrets found on "helm/repos" due: reading the secret "helm/repos" from vault: no secret "helm/repos" not found in vault
Read credentials for http://jenkins-x-chartmuseum:8080 from vault helm/repos
Successfully added Helm repository jenkins-x-chartmuseum.
WARNING: No $CHART_REPOSITORY defined so using the default value of: http://jenkins-x-chartmuseum:8080
Adding missing Helm repo: chartmuseum.jenkins-x.io http://chartmuseum.jenkins-x.io
WARNING: No secrets found on "helm/repos" due: reading the secret "helm/repos" from vault: no secret "helm/repos" not found in vault
Read credentials for http://chartmuseum.jenkins-x.io from vault helm/repos
Successfully added Helm repository chartmuseum.jenkins-x.io.
