
Showing logs for build [32mcb-kubecd-environment-pr-209-61-jls5g-1[0m stage [32mfrom-build-pack[0m and container [32mstep-credential-initializer-2cztv[0m
{"level":"info","ts":1587848922.0754664,"logger":"fallback-logger","caller":"logging/config.go:69","msg":"Fetch GitHub commit ID from kodata failed: open /var/run/ko/refs/heads/0.8.0-ns-support: no such file or directory"}
{"level":"info","ts":1587848922.0761867,"logger":"fallback-logger","caller":"creds-init/main.go:40","msg":"Credentials initialized."}

Showing logs for build [32mcb-kubecd-environment-pr-209-61-jls5g-1[0m stage [32mfrom-build-pack[0m and container [32mstep-working-dir-initializer-7xtc9[0m
{"level":"info","ts":1587848922.93298,"logger":"fallback-logger","caller":"logging/config.go:69","msg":"Fetch GitHub commit ID from kodata failed: open /var/run/ko/HEAD: no such file or directory"}
{"level":"info","ts":1587848922.9347322,"logger":"fallback-logger","caller":"bash/main.go:64","msg":"Successfully executed command \"sh -c mkdir -p /workspace/source\"; output "}

Showing logs for build [32mcb-kubecd-environment-pr-209-61-jls5g-1[0m stage [32mfrom-build-pack[0m and container [32mstep-place-tools[0m

Showing logs for build [32mcb-kubecd-environment-pr-209-61-jls5g-1[0m stage [32mfrom-build-pack[0m and container [32mstep-git-source-cb-kubecd-environment-pr-209-61-jls5g-8gh6m[0m
{"level":"info","ts":1587848928.1162207,"logger":"fallback-logger","caller":"logging/config.go:69","msg":"Fetch GitHub commit ID from kodata failed: open /var/run/ko/refs/heads/0.8.0-ns-support: no such file or directory"}
{"level":"info","ts":1587848929.172923,"logger":"fallback-logger","caller":"git/git.go:103","msg":"Successfully cloned https://github.com/cb-kubecd/environment-pr-209-61-boot-gke-staging.git @ master in path /workspace/source"}

Showing logs for build [32mcb-kubecd-environment-pr-209-61-jls5g-1[0m stage [32mfrom-build-pack[0m and container [32mstep-git-merge[0m
Using SHAs from PULL_REFS=master:2b76bc75ca27caa44bc3106bf0d6c63ea3ce40cf,3:e4cfa41c5a9b920b9f5a0e10995d403895346ba5
DEBUG: JX_LOG_LEVEL=error LC_ALL=C git fetch origin --unshallow e4cfa41c5a9b920b9f5a0e10995d403895346ba5: 2b76bc75ca27caa44bc3106bf0d6c63ea3ce40cf:
DEBUG: ran git fetch --unshallow origin e4cfa41c5a9b920b9f5a0e10995d403895346ba5: 2b76bc75ca27caa44bc3106bf0d6c63ea3ce40cf: in 
DEBUG: LC_ALL=C JX_LOG_LEVEL=error git branch
DEBUG: LC_ALL=C JX_LOG_LEVEL=error git checkout master
DEBUG: ran git checkout master in 
DEBUG: LC_ALL=C JX_LOG_LEVEL=error git reset --hard 2b76bc75ca27caa44bc3106bf0d6c63ea3ce40cf
DEBUG: ran git reset --hard 2b76bc75ca27caa44bc3106bf0d6c63ea3ce40cf in 
DEBUG: LC_ALL=C JX_LOG_LEVEL=error git clean -fd .
DEBUG: ran clean --force -d . in 
DEBUG: LC_ALL=C JX_LOG_LEVEL=error git merge e4cfa41c5a9b920b9f5a0e10995d403895346ba5
DEBUG: ran git merge e4cfa41c5a9b920b9f5a0e10995d403895346ba5 in 
DEBUG: LC_ALL=C JX_LOG_LEVEL=error git log --format=%H%x1f%an%x1f%ae%x1f%cn%x1f%ce%x1f%s%n%b%x1e 2b76bc75ca27caa44bc3106bf0d6c63ea3ce40cf..HEAD
Merged SHA e4cfa41c5a9b920b9f5a0e10995d403895346ba5 with commit message 'chore: Promote bdd-nh-1587847935 to version 0.0.1' into base branch master

Showing logs for build [32mcb-kubecd-environment-pr-209-61-jls5g-1[0m stage [32mfrom-build-pack[0m and container [32mstep-build-helm-build[0m
WARNING: No $CHART_REPOSITORY defined so using the default value of: http://jenkins-x-chartmuseum:8080
Adding missing Helm repo: storage.googleapis.com https://storage.googleapis.com/chartmuseum.jenkins-x.io
WARNING: No secrets found on "helm/repos" due: reading the secret "helm/repos" from vault: no secret "helm/repos" not found in vault
Read credentials for https://storage.googleapis.com/chartmuseum.jenkins-x.io from vault helm/repos
Successfully added Helm repository storage.googleapis.com.
Adding missing Helm repo: jenkins-x-chartmuseum http://jenkins-x-chartmuseum:8080
WARNING: No secrets found on "helm/repos" due: reading the secret "helm/repos" from vault: no secret "helm/repos" not found in vault
Read credentials for http://jenkins-x-chartmuseum:8080 from vault helm/repos
Successfully added Helm repository jenkins-x-chartmuseum.
WARNING: No $CHART_REPOSITORY defined so using the default value of: http://jenkins-x-chartmuseum:8080
Adding missing Helm repo: chartmuseum.jenkins-x.io http://chartmuseum.jenkins-x.io
WARNING: No secrets found on "helm/repos" due: reading the secret "helm/repos" from vault: no secret "helm/repos" not found in vault
Read credentials for http://chartmuseum.jenkins-x.io from vault helm/repos
Successfully added Helm repository chartmuseum.jenkins-x.io.
