
Showing logs for build [32mcb-kubecd-environment-pr-209-61-rmtpj-1[0m stage [32mfrom-build-pack[0m and container [32mstep-credential-initializer-np9nn[0m
{"level":"info","ts":1587851742.2011294,"logger":"fallback-logger","caller":"logging/config.go:69","msg":"Fetch GitHub commit ID from kodata failed: open /var/run/ko/refs/heads/0.8.0-ns-support: no such file or directory"}
{"level":"info","ts":1587851742.2018304,"logger":"fallback-logger","caller":"creds-init/main.go:40","msg":"Credentials initialized."}

Showing logs for build [32mcb-kubecd-environment-pr-209-61-rmtpj-1[0m stage [32mfrom-build-pack[0m and container [32mstep-working-dir-initializer-kpsdc[0m
{"level":"info","ts":1587851742.6834493,"logger":"fallback-logger","caller":"logging/config.go:69","msg":"Fetch GitHub commit ID from kodata failed: open /var/run/ko/HEAD: no such file or directory"}
{"level":"info","ts":1587851742.6855054,"logger":"fallback-logger","caller":"bash/main.go:64","msg":"Successfully executed command \"sh -c mkdir -p /workspace/source\"; output "}

Showing logs for build [32mcb-kubecd-environment-pr-209-61-rmtpj-1[0m stage [32mfrom-build-pack[0m and container [32mstep-place-tools[0m

Showing logs for build [32mcb-kubecd-environment-pr-209-61-rmtpj-1[0m stage [32mfrom-build-pack[0m and container [32mstep-git-source-cb-kubecd-environment-pr-209-61-rmtpj-pqq99[0m
{"level":"info","ts":1587851745.8333044,"logger":"fallback-logger","caller":"logging/config.go:69","msg":"Fetch GitHub commit ID from kodata failed: open /var/run/ko/refs/heads/0.8.0-ns-support: no such file or directory"}
{"level":"info","ts":1587851746.8928375,"logger":"fallback-logger","caller":"git/git.go:103","msg":"Successfully cloned https://github.com/cb-kubecd/environment-pr-209-61-boot-gke-staging.git @ master in path /workspace/source"}

Showing logs for build [32mcb-kubecd-environment-pr-209-61-rmtpj-1[0m stage [32mfrom-build-pack[0m and container [32mstep-git-merge[0m
Using SHAs from PULL_REFS=master:a3fb9aca30250b47e1104a9b0c38746d1405e771,7:a1ac436fe511dfcfb93612ab1fbaa2df69c59cdb
DEBUG: LC_ALL=C JX_LOG_LEVEL=error git fetch origin --unshallow a1ac436fe511dfcfb93612ab1fbaa2df69c59cdb: a3fb9aca30250b47e1104a9b0c38746d1405e771:
DEBUG: ran git fetch --unshallow origin a1ac436fe511dfcfb93612ab1fbaa2df69c59cdb: a3fb9aca30250b47e1104a9b0c38746d1405e771: in 
DEBUG: LC_ALL=C JX_LOG_LEVEL=error git branch
DEBUG: LC_ALL=C JX_LOG_LEVEL=error git checkout master
DEBUG: ran git checkout master in 
DEBUG: LC_ALL=C JX_LOG_LEVEL=error git reset --hard a3fb9aca30250b47e1104a9b0c38746d1405e771
DEBUG: ran git reset --hard a3fb9aca30250b47e1104a9b0c38746d1405e771 in 
DEBUG: LC_ALL=C JX_LOG_LEVEL=error git clean -fd .
DEBUG: ran clean --force -d . in 
DEBUG: LC_ALL=C JX_LOG_LEVEL=error git merge a1ac436fe511dfcfb93612ab1fbaa2df69c59cdb
DEBUG: ran git merge a1ac436fe511dfcfb93612ab1fbaa2df69c59cdb in 
DEBUG: JX_LOG_LEVEL=error LC_ALL=C git log --format=%H%x1f%an%x1f%ae%x1f%cn%x1f%ce%x1f%s%n%b%x1e a3fb9aca30250b47e1104a9b0c38746d1405e771..HEAD
Merged SHA a1ac436fe511dfcfb93612ab1fbaa2df69c59cdb with commit message 'chore: Promote bdd-sbhg-import-1587850315 to version 0.0.1' into base branch master

Showing logs for build [32mcb-kubecd-environment-pr-209-61-rmtpj-1[0m stage [32mfrom-build-pack[0m and container [32mstep-build-helm-build[0m
WARNING: No $CHART_REPOSITORY defined so using the default value of: http://jenkins-x-chartmuseum:8080
Adding missing Helm repo: storage.googleapis.com https://storage.googleapis.com/chartmuseum.jenkins-x.io
WARNING: No secrets found on "helm/repos" due: reading the secret "helm/repos" from vault: no secret "helm/repos" not found in vault
Read credentials for https://storage.googleapis.com/chartmuseum.jenkins-x.io from vault helm/repos
Successfully added Helm repository storage.googleapis.com.
Adding missing Helm repo: jenkins-x-chartmuseum http://jenkins-x-chartmuseum:8080
WARNING: No secrets found on "helm/repos" due: reading the secret "helm/repos" from vault: no secret "helm/repos" not found in vault
Read credentials for http://jenkins-x-chartmuseum:8080 from vault helm/repos
Successfully added Helm repository jenkins-x-chartmuseum.
WARNING: No $CHART_REPOSITORY defined so using the default value of: http://jenkins-x-chartmuseum:8080
Adding missing Helm repo: chartmuseum.jenkins-x.io http://chartmuseum.jenkins-x.io
WARNING: No secrets found on "helm/repos" due: reading the secret "helm/repos" from vault: no secret "helm/repos" not found in vault
Read credentials for http://chartmuseum.jenkins-x.io from vault helm/repos
Successfully added Helm repository chartmuseum.jenkins-x.io.
