
Showing logs for build [32mcb-kubecd-environment-pr-209-61-w9bts-1[0m stage [32mfrom-build-pack[0m and container [32mstep-credential-initializer-5w24t[0m
{"level":"info","ts":1587852209.4240077,"logger":"fallback-logger","caller":"logging/config.go:69","msg":"Fetch GitHub commit ID from kodata failed: open /var/run/ko/refs/heads/0.8.0-ns-support: no such file or directory"}
{"level":"info","ts":1587852209.4247384,"logger":"fallback-logger","caller":"creds-init/main.go:40","msg":"Credentials initialized."}

Showing logs for build [32mcb-kubecd-environment-pr-209-61-w9bts-1[0m stage [32mfrom-build-pack[0m and container [32mstep-working-dir-initializer-z7fjp[0m
{"level":"info","ts":1587852210.0103362,"logger":"fallback-logger","caller":"logging/config.go:69","msg":"Fetch GitHub commit ID from kodata failed: open /var/run/ko/HEAD: no such file or directory"}
{"level":"info","ts":1587852210.0121431,"logger":"fallback-logger","caller":"bash/main.go:64","msg":"Successfully executed command \"sh -c mkdir -p /workspace/source\"; output "}

Showing logs for build [32mcb-kubecd-environment-pr-209-61-w9bts-1[0m stage [32mfrom-build-pack[0m and container [32mstep-place-tools[0m

Showing logs for build [32mcb-kubecd-environment-pr-209-61-w9bts-1[0m stage [32mfrom-build-pack[0m and container [32mstep-git-source-cb-kubecd-environment-pr-209-61-w9bts-z42gh[0m
{"level":"info","ts":1587852215.3047519,"logger":"fallback-logger","caller":"logging/config.go:69","msg":"Fetch GitHub commit ID from kodata failed: open /var/run/ko/refs/heads/0.8.0-ns-support: no such file or directory"}
{"level":"info","ts":1587852216.4107964,"logger":"fallback-logger","caller":"git/git.go:103","msg":"Successfully cloned https://github.com/cb-kubecd/environment-pr-209-61-boot-gke-staging.git @ master in path /workspace/source"}

Showing logs for build [32mcb-kubecd-environment-pr-209-61-w9bts-1[0m stage [32mfrom-build-pack[0m and container [32mstep-git-merge[0m
Using SHAs from PULL_REFS=master:d7cf9cc7f4bdbd21287eadb97de05088c90172cb,8:b2e3df6be60bb1a53531e10fd5068e8f7d923235
DEBUG: LC_ALL=C JX_LOG_LEVEL=error git fetch origin --unshallow b2e3df6be60bb1a53531e10fd5068e8f7d923235: d7cf9cc7f4bdbd21287eadb97de05088c90172cb:
DEBUG: ran git fetch --unshallow origin b2e3df6be60bb1a53531e10fd5068e8f7d923235: d7cf9cc7f4bdbd21287eadb97de05088c90172cb: in 
DEBUG: LC_ALL=C JX_LOG_LEVEL=error git branch
DEBUG: LC_ALL=C JX_LOG_LEVEL=error git checkout master
DEBUG: ran git checkout master in 
DEBUG: LC_ALL=C JX_LOG_LEVEL=error git reset --hard d7cf9cc7f4bdbd21287eadb97de05088c90172cb
DEBUG: ran git reset --hard d7cf9cc7f4bdbd21287eadb97de05088c90172cb in 
DEBUG: LC_ALL=C JX_LOG_LEVEL=error git clean -fd .
DEBUG: ran clean --force -d . in 
DEBUG: LC_ALL=C JX_LOG_LEVEL=error git merge b2e3df6be60bb1a53531e10fd5068e8f7d923235
DEBUG: ran git merge b2e3df6be60bb1a53531e10fd5068e8f7d923235 in 
DEBUG: LC_ALL=C JX_LOG_LEVEL=error git log --format=%H%x1f%an%x1f%ae%x1f%cn%x1f%ce%x1f%s%n%b%x1e d7cf9cc7f4bdbd21287eadb97de05088c90172cb..HEAD
Merged SHA b2e3df6be60bb1a53531e10fd5068e8f7d923235 with commit message 'chore: Promote bdd-ghf**y-import-1587850315 to version 0.0.1' into base branch master

Showing logs for build [32mcb-kubecd-environment-pr-209-61-w9bts-1[0m stage [32mfrom-build-pack[0m and container [32mstep-build-helm-build[0m
WARNING: No $CHART_REPOSITORY defined so using the default value of: http://jenkins-x-chartmuseum:8080
Adding missing Helm repo: storage.googleapis.com https://storage.googleapis.com/chartmuseum.jenkins-x.io
WARNING: No secrets found on "helm/repos" due: reading the secret "helm/repos" from vault: no secret "helm/repos" not found in vault
Read credentials for https://storage.googleapis.com/chartmuseum.jenkins-x.io from vault helm/repos
Successfully added Helm repository storage.googleapis.com.
Adding missing Helm repo: jenkins-x-chartmuseum http://jenkins-x-chartmuseum:8080
WARNING: No secrets found on "helm/repos" due: reading the secret "helm/repos" from vault: no secret "helm/repos" not found in vault
Read credentials for http://jenkins-x-chartmuseum:8080 from vault helm/repos
Successfully added Helm repository jenkins-x-chartmuseum.
WARNING: No $CHART_REPOSITORY defined so using the default value of: http://jenkins-x-chartmuseum:8080
Adding missing Helm repo: chartmuseum.jenkins-x.io http://chartmuseum.jenkins-x.io
WARNING: No secrets found on "helm/repos" due: reading the secret "helm/repos" from vault: no secret "helm/repos" not found in vault
Read credentials for http://chartmuseum.jenkins-x.io from vault helm/repos
Successfully added Helm repository chartmuseum.jenkins-x.io.
