
Showing logs for build [32mcb-kubecd-environment-pr-209-61-2jgh8-1[0m stage [32mfrom-build-pack[0m and container [32mstep-credential-initializer-gwckj[0m
{"level":"info","ts":1587850685.846046,"logger":"fallback-logger","caller":"logging/config.go:69","msg":"Fetch GitHub commit ID from kodata failed: open /var/run/ko/refs/heads/0.8.0-ns-support: no such file or directory"}
{"level":"info","ts":1587850685.8470902,"logger":"fallback-logger","caller":"creds-init/main.go:40","msg":"Credentials initialized."}

Showing logs for build [32mcb-kubecd-environment-pr-209-61-2jgh8-1[0m stage [32mfrom-build-pack[0m and container [32mstep-working-dir-initializer-dzlgv[0m
{"level":"info","ts":1587850686.5396945,"logger":"fallback-logger","caller":"logging/config.go:69","msg":"Fetch GitHub commit ID from kodata failed: open /var/run/ko/HEAD: no such file or directory"}
{"level":"info","ts":1587850686.5439615,"logger":"fallback-logger","caller":"bash/main.go:64","msg":"Successfully executed command \"sh -c mkdir -p /workspace/source\"; output "}

Showing logs for build [32mcb-kubecd-environment-pr-209-61-2jgh8-1[0m stage [32mfrom-build-pack[0m and container [32mstep-place-tools[0m

Showing logs for build [32mcb-kubecd-environment-pr-209-61-2jgh8-1[0m stage [32mfrom-build-pack[0m and container [32mstep-git-source-cb-kubecd-environment-pr-209-61-2jgh8-m4sk5[0m
{"level":"info","ts":1587850692.7369664,"logger":"fallback-logger","caller":"logging/config.go:69","msg":"Fetch GitHub commit ID from kodata failed: open /var/run/ko/refs/heads/0.8.0-ns-support: no such file or directory"}
{"level":"info","ts":1587850693.8661163,"logger":"fallback-logger","caller":"git/git.go:103","msg":"Successfully cloned https://github.com/cb-kubecd/environment-pr-209-61-boot-gke-staging.git @ master in path /workspace/source"}

Showing logs for build [32mcb-kubecd-environment-pr-209-61-2jgh8-1[0m stage [32mfrom-build-pack[0m and container [32mstep-git-merge[0m
Using SHAs from PULL_REFS=master:b2bbd7422a2c5a4b5c02d290e631a072e0b0e113,5:cfbe8225daff00b3ae31669fcf256f29120fd741
DEBUG: LC_ALL=C JX_LOG_LEVEL=error git fetch origin --unshallow cfbe8225daff00b3ae31669fcf256f29120fd741: b2bbd7422a2c5a4b5c02d290e631a072e0b0e113:
DEBUG: ran git fetch --unshallow origin cfbe8225daff00b3ae31669fcf256f29120fd741: b2bbd7422a2c5a4b5c02d290e631a072e0b0e113: in 
DEBUG: LC_ALL=C JX_LOG_LEVEL=error git branch
DEBUG: LC_ALL=C JX_LOG_LEVEL=error git checkout master
DEBUG: ran git checkout master in 
DEBUG: LC_ALL=C JX_LOG_LEVEL=error git reset --hard b2bbd7422a2c5a4b5c02d290e631a072e0b0e113
DEBUG: ran git reset --hard b2bbd7422a2c5a4b5c02d290e631a072e0b0e113 in 
DEBUG: LC_ALL=C JX_LOG_LEVEL=error git clean -fd .
DEBUG: ran clean --force -d . in 
DEBUG: LC_ALL=C JX_LOG_LEVEL=error git merge cfbe8225daff00b3ae31669fcf256f29120fd741
DEBUG: ran git merge cfbe8225daff00b3ae31669fcf256f29120fd741 in 
DEBUG: LC_ALL=C JX_LOG_LEVEL=error git log --format=%H%x1f%an%x1f%ae%x1f%cn%x1f%ce%x1f%s%n%b%x1e b2bbd7422a2c5a4b5c02d290e631a072e0b0e113..HEAD
Merged SHA cfbe8225daff00b3ae31669fcf256f29120fd741 with commit message 'chore: Promote bdd-sbrp-import-1587850315 to version 0.0.1' into base branch master

Showing logs for build [32mcb-kubecd-environment-pr-209-61-2jgh8-1[0m stage [32mfrom-build-pack[0m and container [32mstep-build-helm-build[0m
WARNING: No $CHART_REPOSITORY defined so using the default value of: http://jenkins-x-chartmuseum:8080
Adding missing Helm repo: storage.googleapis.com https://storage.googleapis.com/chartmuseum.jenkins-x.io
WARNING: No secrets found on "helm/repos" due: reading the secret "helm/repos" from vault: no secret "helm/repos" not found in vault
Read credentials for https://storage.googleapis.com/chartmuseum.jenkins-x.io from vault helm/repos
Successfully added Helm repository storage.googleapis.com.
Adding missing Helm repo: jenkins-x-chartmuseum http://jenkins-x-chartmuseum:8080
WARNING: No secrets found on "helm/repos" due: reading the secret "helm/repos" from vault: no secret "helm/repos" not found in vault
Read credentials for http://jenkins-x-chartmuseum:8080 from vault helm/repos
Successfully added Helm repository jenkins-x-chartmuseum.
WARNING: No $CHART_REPOSITORY defined so using the default value of: http://jenkins-x-chartmuseum:8080
Adding missing Helm repo: chartmuseum.jenkins-x.io http://chartmuseum.jenkins-x.io
WARNING: No secrets found on "helm/repos" due: reading the secret "helm/repos" from vault: no secret "helm/repos" not found in vault
Read credentials for http://chartmuseum.jenkins-x.io from vault helm/repos
Successfully added Helm repository chartmuseum.jenkins-x.io.
